<?xml version="1.0" encoding="UTF-8"?>
<!-- Generated by org.testng.reporters.JUnitReportReporter -->
<testsuite skipped="0" hostname="np-PC" name="WellRide.WellRideTest.LoginPageTest" tests="1" failures="0" timestamp="14 Dec 2019 17:40:13 GMT" time="94.225" errors="0">
  <testcase name="loginTest" time="94.225" classname="WellRide.WellRideTest.LoginPageTest"/>
</testsuite> <!-- WellRide.WellRideTest.LoginPageTest -->
